app/build/intermediates/manifest_merge_blame_file/debug/manifest-merger-blame-debug-report.txt
1<?xml version="1.0" encoding="utf-8"?>
2<manifest xmlns:android="http://schemas.android.com/apk/res/android"
3    package="com.gads.leaderboard"
4    android:versionCode="1"
5    android:versionName="1.0" >
6
7    <uses-sdk
8        android:minSdkVersion="22"
8-->src\main\AndroidManifest.xml
9        android:targetSdkVersion="29" />
9-->src\main\AndroidManifest.xml
10
11    <uses-permission android:name="android.permission.INTERNET" />
11-->src\main\AndroidManifest.xml:5:5-67
11-->src\main\AndroidManifest.xml:5:22-64
12
13    <application
13-->src\main\AndroidManifest.xml:7:5-31:19
14        android:allowBackup="true"
14-->src\main\AndroidManifest.xml:8:9-35
15        android:appComponentFactory="androidx.core.app.CoreComponentFactory"
15-->[androidx.core:core:1.3.1] AndroidManifest.xml:24:18-86
16        android:debuggable="true"
17        android:icon="@mipmap/launcher_icon"
17-->src\main\AndroidManifest.xml:9:9-45
18        android:label="@string/app_name"
18-->src\main\AndroidManifest.xml:10:9-41
19        android:roundIcon="@mipmap/launcher_icon"
19-->src\main\AndroidManifest.xml:11:9-50
20        android:supportsRtl="true"
20-->src\main\AndroidManifest.xml:12:9-35
21        android:testOnly="true"
22        android:theme="@style/AppTheme" >
22-->src\main\AndroidManifest.xml:13:9-40
23        <activity
23-->src\main\AndroidManifest.xml:15:9-22:20
24            android:name="com.gads.leaderboard.LaunchActivity"
24-->src\main\AndroidManifest.xml:15:19-49
25            android:theme="@style/AppTheme.NoActionBar" >
25-->src\main\AndroidManifest.xml:16:13-56
26            <intent-filter>
26-->src\main\AndroidManifest.xml:18:13-21:29
27                <action android:name="android.intent.action.MAIN" />
27-->src\main\AndroidManifest.xml:19:17-69
27-->src\main\AndroidManifest.xml:19:25-66
28
29                <category android:name="android.intent.category.LAUNCHER" />
29-->src\main\AndroidManifest.xml:20:17-77
29-->src\main\AndroidManifest.xml:20:27-74
30            </intent-filter>
31        </activity>
32        <activity
32-->src\main\AndroidManifest.xml:24:9-25:59
33            android:name="com.gads.leaderboard.SubmissionDetailsActivity"
33-->src\main\AndroidManifest.xml:24:19-60
34            android:theme="@style/AppTheme.NoActionBar" />
34-->src\main\AndroidManifest.xml:25:13-56
35        <activity
35-->src\main\AndroidManifest.xml:27:9-30:20
36            android:name="com.gads.leaderboard.LeaderboardActivity"
36-->src\main\AndroidManifest.xml:27:19-54
37            android:label="@string/title_activity_leaderboard"
37-->src\main\AndroidManifest.xml:28:13-63
38            android:theme="@style/AppTheme.NoActionBar" >
38-->src\main\AndroidManifest.xml:29:13-56
39        </activity>
40
41        <provider
41-->[androidx.lifecycle:lifecycle-process:2.2.0] AndroidManifest.xml:25:9-29:43
42            android:name="androidx.lifecycle.ProcessLifecycleOwnerInitializer"
42-->[androidx.lifecycle:lifecycle-process:2.2.0] AndroidManifest.xml:26:13-79
43            android:authorities="com.gads.leaderboard.lifecycle-process"
43-->[androidx.lifecycle:lifecycle-process:2.2.0] AndroidManifest.xml:27:13-69
44            android:exported="false"
44-->[androidx.lifecycle:lifecycle-process:2.2.0] AndroidManifest.xml:28:13-37
45            android:multiprocess="true" />
45-->[androidx.lifecycle:lifecycle-process:2.2.0] AndroidManifest.xml:29:13-40
46    </application>
47
48</manifest>